<?xml version="1.0" encoding="UTF-8"?>
<testng-results skipped="0" failed="0" ignored="1" total="2" passed="1">
  <reporter-output>
  </reporter-output>
  <suite name="ApiSuite" duration-ms="2213" started-at="2019-05-20T16:34:40Z" finished-at="2019-05-20T16:34:42Z">
    <groups>
    </groups>
    <test name="APITest" duration-ms="2213" started-at="2019-05-20T16:34:40Z" finished-at="2019-05-20T16:34:42Z">
      <class name="restApiTests.GoogleTest">
        <test-method status="PASS" signature="postReqTest()[pri:0, instance:restApiTests.GoogleTest@1593948d]" name="postReqTest" duration-ms="2185" started-at="2019-05-20T16:34:40Z" finished-at="2019-05-20T16:34:42Z">
          <reporter-output>
          </reporter-output>
        </test-method> <!-- postReqTest -->
      </class> <!-- restApiTests.GoogleTest -->
    </test> <!-- APITest -->
  </suite> <!-- ApiSuite -->
</testng-results>
